2023/06/27 21:47:28 [notice] 13232#8680: using the "select" event method
2023/06/27 21:47:28 [notice] 13232#8680: using the "select" event method
2023/06/27 21:47:28 [notice] 13232#8680: nginx/1.24.0
2023/06/27 21:47:28 [notice] 13232#8680: nginx/1.24.0
2023/06/27 21:47:28 [info] 13232#8680: OS: 260200 build:9200, "", suite:300, type:1
2023/06/27 21:47:28 [notice] 13232#8680: start worker processes
2023/06/27 21:47:28 [notice] 13232#8680: start worker processes
2023/06/27 21:47:28 [notice] 13232#8680: start worker process 772
2023/06/27 21:47:28 [notice] 13232#8680: start worker process 772
2023/06/27 21:47:28 [notice] 772#13808: nginx/1.24.0
2023/06/27 21:47:28 [notice] 772#13808: nginx/1.24.0
2023/06/27 21:47:28 [info] 772#13808: OS: 260200 build:9200, "", suite:300, type:1
2023/06/27 21:47:28 [notice] 772#13808: create thread 13088
2023/06/27 21:47:28 [notice] 772#13808: create thread 13088
2023/06/27 21:47:28 [notice] 772#13808: create thread 3840
2023/06/27 21:47:28 [notice] 772#13808: create thread 3840
2023/06/27 21:47:28 [notice] 772#13808: create thread 6912
2023/06/27 21:47:28 [notice] 772#13808: create thread 6912
2023/06/27 21:47:28 [notice] 13232#8680: start worker process 3836
2023/06/27 21:47:28 [notice] 13232#8680: start worker process 3836
2023/06/27 21:47:28 [notice] 3836#13080: nginx/1.24.0
2023/06/27 21:47:28 [notice] 3836#13080: nginx/1.24.0
2023/06/27 21:47:28 [info] 3836#13080: OS: 260200 build:9200, "", suite:300, type:1
2023/06/27 21:47:28 [notice] 3836#13080: create thread 1156
2023/06/27 21:47:28 [notice] 3836#13080: create thread 1156
2023/06/27 21:47:28 [notice] 3836#13080: create thread 15296
2023/06/27 21:47:28 [notice] 3836#13080: create thread 15296
2023/06/27 21:47:28 [notice] 3836#13080: create thread 14032
2023/06/27 21:47:28 [notice] 3836#13080: create thread 14032
2023/06/27 21:47:28 [notice] 13232#8680: start worker process 14440
2023/06/27 21:47:28 [notice] 13232#8680: start worker process 14440
2023/06/27 21:47:28 [notice] 14440#15300: nginx/1.24.0
2023/06/27 21:47:28 [notice] 14440#15300: nginx/1.24.0
2023/06/27 21:47:28 [info] 14440#15300: OS: 260200 build:9200, "", suite:300, type:1
2023/06/27 21:47:28 [notice] 14440#15300: create thread 14572
2023/06/27 21:47:28 [notice] 14440#15300: create thread 14572
2023/06/27 21:47:28 [notice] 14440#15300: create thread 15992
2023/06/27 21:47:28 [notice] 14440#15300: create thread 15992
2023/06/27 21:47:28 [notice] 14440#15300: create thread 15404
2023/06/27 21:47:28 [notice] 14440#15300: create thread 15404
2023/06/27 21:47:28 [notice] 13232#8680: start worker process 15960
2023/06/27 21:47:28 [notice] 13232#8680: start worker process 15960
2023/06/27 21:47:28 [notice] 15960#3868: nginx/1.24.0
2023/06/27 21:47:28 [notice] 15960#3868: nginx/1.24.0
2023/06/27 21:47:28 [info] 15960#3868: OS: 260200 build:9200, "", suite:300, type:1
2023/06/27 21:47:28 [notice] 15960#3868: create thread 16344
2023/06/27 21:47:28 [notice] 15960#3868: create thread 16344
2023/06/27 21:47:28 [notice] 15960#3868: create thread 16160
2023/06/27 21:47:28 [notice] 15960#3868: create thread 16160
2023/06/27 21:47:28 [notice] 15960#3868: create thread 16240
2023/06/27 21:47:28 [notice] 15960#3868: create thread 16240
2023/06/27 21:47:28 [notice] 13232#8680: start worker process 6480
2023/06/27 21:47:28 [notice] 13232#8680: start worker process 6480
2023/06/27 21:47:28 [notice] 6480#9656: nginx/1.24.0
2023/06/27 21:47:28 [notice] 6480#9656: nginx/1.24.0
2023/06/27 21:47:28 [info] 6480#9656: OS: 260200 build:9200, "", suite:300, type:1
2023/06/27 21:47:28 [notice] 6480#9656: create thread 10472
2023/06/27 21:47:28 [notice] 6480#9656: create thread 10472
2023/06/27 21:47:28 [notice] 6480#9656: create thread 14428
2023/06/27 21:47:28 [notice] 6480#9656: create thread 14428
2023/06/27 21:47:28 [notice] 6480#9656: create thread 2928
2023/06/27 21:47:28 [notice] 6480#9656: create thread 2928
2023/06/27 21:47:28 [notice] 13232#8680: start worker process 12160
2023/06/27 21:47:28 [notice] 13232#8680: start worker process 12160
2023/06/27 21:47:28 [notice] 12160#5440: nginx/1.24.0
2023/06/27 21:47:28 [notice] 12160#5440: nginx/1.24.0
2023/06/27 21:47:28 [info] 12160#5440: OS: 260200 build:9200, "", suite:300, type:1
2023/06/27 21:47:28 [notice] 12160#5440: create thread 14864
2023/06/27 21:47:28 [notice] 12160#5440: create thread 14864
2023/06/27 21:47:28 [notice] 12160#5440: create thread 15616
2023/06/27 21:47:28 [notice] 12160#5440: create thread 15616
2023/06/27 21:47:28 [notice] 12160#5440: create thread 12868
2023/06/27 21:47:28 [notice] 12160#5440: create thread 12868
2023/06/27 21:47:28 [notice] 13232#8680: start worker process 8324
2023/06/27 21:47:28 [notice] 13232#8680: start worker process 8324
2023/06/27 21:47:28 [notice] 8324#15580: nginx/1.24.0
2023/06/27 21:47:28 [notice] 8324#15580: nginx/1.24.0
2023/06/27 21:47:28 [info] 8324#15580: OS: 260200 build:9200, "", suite:300, type:1
2023/06/27 21:47:28 [notice] 8324#15580: create thread 15680
2023/06/27 21:47:28 [notice] 8324#15580: create thread 15680
2023/06/27 21:47:28 [notice] 8324#15580: create thread 14020
2023/06/27 21:47:28 [notice] 8324#15580: create thread 14020
2023/06/27 21:47:28 [notice] 8324#15580: create thread 1640
2023/06/27 21:47:28 [notice] 8324#15580: create thread 1640
2023/06/27 21:47:28 [notice] 13232#8680: start worker process 10248
2023/06/27 21:47:28 [notice] 13232#8680: start worker process 10248
2023/06/27 21:47:28 [notice] 10248#15528: nginx/1.24.0
2023/06/27 21:47:28 [notice] 10248#15528: nginx/1.24.0
2023/06/27 21:47:28 [info] 10248#15528: OS: 260200 build:9200, "", suite:300, type:1
2023/06/27 21:47:28 [notice] 10248#15528: create thread 10360
2023/06/27 21:47:28 [notice] 10248#15528: create thread 10360
2023/06/27 21:47:28 [notice] 10248#15528: create thread 14552
2023/06/27 21:47:28 [notice] 10248#15528: create thread 14552
2023/06/27 21:47:28 [notice] 10248#15528: create thread 16336
2023/06/27 21:47:28 [notice] 10248#15528: create thread 16336
2023/06/27 21:47:29 [error] 772#13088: *1 CreateFile() "D:\new\baojian2.0/web/favicon.ico" failed (2: The system cannot find the file specified), client: 127.0.0.1, server: 127.0.0.1, request: "GET /favicon.ico HTTP/1.1", host: "127.0.0.1:5050", referrer: "http://127.0.0.1:5050/"
2023/06/27 21:47:29 [error] 772#13088: *1 CreateFile() "D:\new\baojian2.0/web/favicon.ico" failed (2: The system cannot find the file specified), client: 127.0.0.1, server: 127.0.0.1, request: "GET /favicon.ico HTTP/1.1", host: "127.0.0.1:5050", referrer: "http://127.0.0.1:5050/"
2023/06/27 21:47:29 [error] 772#13088: *1 CreateFile() "D:\new\baojian2.0/web/favicon.ico" failed (2: The system cannot find the file specified), client: 127.0.0.1, server: 127.0.0.1, request: "GET /favicon.ico HTTP/1.1", host: "127.0.0.1:5050", referrer: "http://127.0.0.1:5050/"
2023/06/27 21:47:29 [error] 772#13088: *1 CreateFile() "D:\new\baojian2.0/web/undefined" failed (2: The system cannot find the file specified), client: 127.0.0.1, server: 127.0.0.1, request: "GET /undefined HTTP/1.1", host: "127.0.0.1:5050", referrer: "http://127.0.0.1:5050/"
2023/06/27 21:47:29 [error] 772#13088: *1 CreateFile() "D:\new\baojian2.0/web/undefined" failed (2: The system cannot find the file specified), client: 127.0.0.1, server: 127.0.0.1, request: "GET /undefined HTTP/1.1", host: "127.0.0.1:5050", referrer: "http://127.0.0.1:5050/"
2023/06/27 21:47:29 [error] 772#13088: *1 CreateFile() "D:\new\baojian2.0/web/undefined" failed (2: The system cannot find the file specified), client: 127.0.0.1, server: 127.0.0.1, request: "GET /undefined HTTP/1.1", host: "127.0.0.1:5050", referrer: "http://127.0.0.1:5050/"
2023/06/27 21:50:15 [info] 772#13088: *52 client 127.0.0.1 closed keepalive connection
2023/06/27 21:50:15 [info] 772#13088: *34 client 127.0.0.1 closed keepalive connection
2023/06/27 21:50:15 [info] 772#13088: *35 client 127.0.0.1 closed keepalive connection
2023/06/27 21:50:15 [info] 772#13088: *60 client closed connection while waiting for request, client: 127.0.0.1, server: 0.0.0.0:6891
2023/06/27 21:50:15 [info] 772#13088: *51 client 127.0.0.1 closed keepalive connection
2023/06/27 21:50:15 [info] 772#13088: *53 client 127.0.0.1 closed keepalive connection
2023/06/27 21:50:15 [info] 772#13088: *54 client 127.0.0.1 closed keepalive connection
2023/06/27 21:50:15 [info] 772#13088: *36 client 127.0.0.1 closed keepalive connection
2023/06/27 21:50:15 [info] 772#13088: *33 client 127.0.0.1 closed keepalive connection
2023/06/27 21:50:15 [info] 772#13088: *59 client 127.0.0.1 closed keepalive connection
2023/06/27 21:50:15 [info] 772#13088: *3 client 127.0.0.1 closed keepalive connection
2023/06/27 21:53:26 [info] 772#13088: *77 client 127.0.0.1 closed keepalive connection
2023/06/27 21:55:22 [info] 772#13088: *90 client timed out (10060: A connection attempt failed because the connected party did not properly respond after a period of time, or established connection failed because connected host has failed to respond) while waiting for request, client: 127.0.0.1, server: 0.0.0.0:6891
2023/06/27 21:57:20 [notice] 13232#8680: worker process 10248 exited with code 40010004
2023/06/27 21:57:20 [notice] 13232#8680: worker process 10248 exited with code 40010004
2023/06/27 21:57:20 [notice] 13232#8680: start worker process 16180
2023/06/27 21:57:20 [notice] 13232#8680: start worker process 16180
2024/01/18 11:12:14 [notice] 18212#12380: using the "select" event method
2024/01/18 11:12:14 [notice] 18212#12380: using the "select" event method
2024/01/18 11:12:14 [notice] 18212#12380: nginx/1.24.0
2024/01/18 11:12:14 [notice] 18212#12380: nginx/1.24.0
2024/01/18 11:12:14 [info] 18212#12380: OS: 260200 build:9200, "", suite:100, type:1
2024/01/18 11:12:14 [notice] 18212#12380: start worker processes
2024/01/18 11:12:14 [notice] 18212#12380: start worker processes
2024/01/18 11:12:14 [notice] 18212#12380: start worker process 17760
2024/01/18 11:12:14 [notice] 18212#12380: start worker process 17760
2024/01/18 11:12:14 [notice] 17760#8272: nginx/1.24.0
2024/01/18 11:12:14 [notice] 17760#8272: nginx/1.24.0
2024/01/18 11:12:14 [info] 17760#8272: OS: 260200 build:9200, "", suite:100, type:1
2024/01/18 11:12:14 [notice] 17760#8272: create thread 12840
2024/01/18 11:12:14 [notice] 17760#8272: create thread 12840
2024/01/18 11:12:14 [notice] 17760#8272: create thread 8900
2024/01/18 11:12:14 [notice] 17760#8272: create thread 8900
2024/01/18 11:12:14 [notice] 17760#8272: create thread 15092
2024/01/18 11:12:14 [notice] 17760#8272: create thread 15092
2024/01/18 11:12:14 [notice] 18212#12380: start worker process 11716
2024/01/18 11:12:14 [notice] 18212#12380: start worker process 11716
2024/01/18 11:12:14 [notice] 11716#10176: nginx/1.24.0
2024/01/18 11:12:14 [notice] 11716#10176: nginx/1.24.0
2024/01/18 11:12:14 [info] 11716#10176: OS: 260200 build:9200, "", suite:100, type:1
2024/01/18 11:12:14 [notice] 11716#10176: create thread 3916
2024/01/18 11:12:14 [notice] 11716#10176: create thread 3916
2024/01/18 11:12:14 [notice] 11716#10176: create thread 10444
2024/01/18 11:12:14 [notice] 11716#10176: create thread 10444
2024/01/18 11:12:14 [notice] 11716#10176: create thread 6388
2024/01/18 11:12:14 [notice] 11716#10176: create thread 6388
2024/01/18 11:12:14 [notice] 18212#12380: start worker process 18744
2024/01/18 11:12:14 [notice] 18212#12380: start worker process 18744
2024/01/18 11:12:14 [notice] 18744#19632: nginx/1.24.0
2024/01/18 11:12:14 [notice] 18744#19632: nginx/1.24.0
2024/01/18 11:12:14 [info] 18744#19632: OS: 260200 build:9200, "", suite:100, type:1
2024/01/18 11:12:14 [notice] 18744#19632: create thread 4748
2024/01/18 11:12:14 [notice] 18744#19632: create thread 4748
2024/01/18 11:12:14 [notice] 18744#19632: create thread 20044
2024/01/18 11:12:14 [notice] 18744#19632: create thread 20044
2024/01/18 11:12:14 [notice] 18744#19632: create thread 18428
2024/01/18 11:12:14 [notice] 18744#19632: create thread 18428
2024/01/18 11:12:14 [notice] 18212#12380: start worker process 14068
2024/01/18 11:12:14 [notice] 18212#12380: start worker process 14068
2024/01/18 11:12:14 [notice] 14068#5248: nginx/1.24.0
2024/01/18 11:12:14 [notice] 14068#5248: nginx/1.24.0
2024/01/18 11:12:14 [info] 14068#5248: OS: 260200 build:9200, "", suite:100, type:1
2024/01/18 11:12:14 [notice] 14068#5248: create thread 12848
2024/01/18 11:12:14 [notice] 14068#5248: create thread 12848
2024/01/18 11:12:14 [notice] 14068#5248: create thread 10868
2024/01/18 11:12:14 [notice] 14068#5248: create thread 10868
2024/01/18 11:12:14 [notice] 14068#5248: create thread 5088
2024/01/18 11:12:14 [notice] 14068#5248: create thread 5088
2024/01/18 11:12:14 [notice] 18212#12380: start worker process 18792
2024/01/18 11:12:14 [notice] 18212#12380: start worker process 18792
2024/01/18 11:12:14 [notice] 18792#17924: nginx/1.24.0
2024/01/18 11:12:14 [notice] 18792#17924: nginx/1.24.0
2024/01/18 11:12:14 [info] 18792#17924: OS: 260200 build:9200, "", suite:100, type:1
2024/01/18 11:12:14 [notice] 18792#17924: create thread 1020
2024/01/18 11:12:14 [notice] 18792#17924: create thread 1020
2024/01/18 11:12:14 [notice] 18792#17924: create thread 8564
2024/01/18 11:12:14 [notice] 18792#17924: create thread 8564
2024/01/18 11:12:14 [notice] 18792#17924: create thread 12696
2024/01/18 11:12:14 [notice] 18792#17924: create thread 12696
2024/01/18 11:12:14 [notice] 18212#12380: start worker process 19140
2024/01/18 11:12:14 [notice] 18212#12380: start worker process 19140
2024/01/18 11:12:14 [notice] 19140#18124: nginx/1.24.0
2024/01/18 11:12:14 [notice] 19140#18124: nginx/1.24.0
2024/01/18 11:12:14 [info] 19140#18124: OS: 260200 build:9200, "", suite:100, type:1
2024/01/18 11:12:14 [notice] 19140#18124: create thread 576
2024/01/18 11:12:14 [notice] 19140#18124: create thread 576
2024/01/18 11:12:14 [notice] 19140#18124: create thread 5992
2024/01/18 11:12:14 [notice] 19140#18124: create thread 5992
2024/01/18 11:12:14 [notice] 19140#18124: create thread 10056
2024/01/18 11:12:14 [notice] 19140#18124: create thread 10056
2024/01/18 11:12:14 [notice] 18212#12380: start worker process 15000
2024/01/18 11:12:14 [notice] 18212#12380: start worker process 15000
2024/01/18 11:12:15 [notice] 15000#11856: nginx/1.24.0
2024/01/18 11:12:15 [notice] 15000#11856: nginx/1.24.0
2024/01/18 11:12:15 [info] 15000#11856: OS: 260200 build:9200, "", suite:100, type:1
2024/01/18 11:12:15 [notice] 15000#11856: create thread 10296
2024/01/18 11:12:15 [notice] 15000#11856: create thread 10296
2024/01/18 11:12:15 [notice] 15000#11856: create thread 10736
2024/01/18 11:12:15 [notice] 15000#11856: create thread 10736
2024/01/18 11:12:15 [notice] 15000#11856: create thread 15952
2024/01/18 11:12:15 [notice] 15000#11856: create thread 15952
2024/01/18 11:12:15 [notice] 18212#12380: start worker process 19172
2024/01/18 11:12:15 [notice] 18212#12380: start worker process 19172
2024/01/18 11:12:15 [notice] 19172#10820: nginx/1.24.0
2024/01/18 11:12:15 [notice] 19172#10820: nginx/1.24.0
2024/01/18 11:12:15 [info] 19172#10820: OS: 260200 build:9200, "", suite:100, type:1
2024/01/18 11:12:15 [notice] 19172#10820: create thread 19756
2024/01/18 11:12:15 [notice] 19172#10820: create thread 19756
2024/01/18 11:12:15 [notice] 19172#10820: create thread 1740
2024/01/18 11:12:15 [notice] 19172#10820: create thread 1740
2024/01/18 11:12:15 [notice] 19172#10820: create thread 20016
2024/01/18 11:12:15 [notice] 19172#10820: create thread 20016
